<?xml version="1.0" encoding="UTF-8"?>
<!-- Generated by org.testng.reporters.JUnitXMLReporter -->
<testsuite ignored="1" hostname="Vivek-PC" failures="1" tests="2" name="Default test(failed)" time="0.045" errors="0" timestamp="06 Sep 2019 15:22:13 GMT">
  <testcase classname="Demo.TestNGRetryFailedDemo" name="Test2" time="0.014"/>
  <testcase classname="Demo.TestNGRetryFailedDemo" name="Test3" time="0.005">
    <failure type="java.lang.AssertionError" message="expected [true] but found [false]">
      <![CDATA[java.lang.AssertionError: expected [true] but found [false]
at Demo.TestNGRetryFailedDemo.Test3(TestNGRetryFailedDemo.java:22)
... Removed 29 stack frames]]>
    </failure>
  </testcase> <!-- Test3 -->
  <testcase classname="Demo.TestNGRetryFailedDemo" name="Test1" time="0.0">
    <ignored/>
  </testcase> <!-- Test1 -->
</testsuite> <!-- Default test(failed) -->
