<?xml version="1.0" encoding="UTF-8"?>
<testng-results ignored="0" total="1" passed="1" failed="0" skipped="0">
  <reporter-output>
  </reporter-output>
  <suite started-at="2019-09-08T15:12:49Z" name="Default suite" finished-at="2019-09-08T15:12:59Z" duration-ms="9545">
    <groups>
    </groups>
    <test started-at="2019-09-08T15:12:49Z" name="Default test" finished-at="2019-09-08T15:12:59Z" duration-ms="9545">
      <class name="Demo.Test1">
        <test-method is-config="true" signature="setUp()[pri:0, instance:Demo.Test1@2cbb3d47]" started-at="2019-09-08T15:12:49Z" name="setUp" finished-at="2019-09-08T15:12:52Z" duration-ms="2758" status="PASS">
          <reporter-output>
          </reporter-output>
        </test-method> <!-- setUp -->
        <test-method signature="test1()[pri:0, instance:Demo.Test1@2cbb3d47]" started-at="2019-09-08T15:12:52Z" name="test1" finished-at="2019-09-08T15:12:58Z" duration-ms="6136" status="PASS">
          <reporter-output>
          </reporter-output>
        </test-method> <!-- test1 -->
        <test-method is-config="true" signature="tearDown()[pri:0, instance:Demo.Test1@2cbb3d47]" started-at="2019-09-08T15:12:58Z" name="tearDown" finished-at="2019-09-08T15:12:59Z" duration-ms="627" status="PASS">
          <reporter-output>
          </reporter-output>
        </test-method> <!-- tearDown -->
      </class> <!-- Demo.Test1 -->
    </test> <!-- Default test -->
  </suite> <!-- Default suite -->
</testng-results>
